Using pre-set license
Built from '2021.1/release' branch; Version is '2021.1.0f1 (61a549675243) revision 6399305'; Using compiler version '192528614'; Build Type 'Release'
OS: 'Windows 10 Pro; OS build 19045.5608; Version 2009; 64bit' Language: 'en' Physical Memory: 16371 MB
BatchMode: 1, IsHumanControllingUs: 0, StartBugReporterOnCrash: 0, Is64bit: 1, IsPro: 0

 COMMAND LINE ARGUMENTS:
C:\Program Files\Unity\Hub\Editor\2021.1.0f1\Editor\Unity.exe
-adb2
-batchMode
-noUpm
-name
AssetImportWorker0
-projectPath
C:/Users/Michael/Development/CPCC_Stuff/CPCC_Fall_2018/Infinite Runner
-logFile
Logs/AssetImportWorker0.log
-srvPort
58087
Successfully changed project path to: C:/Users/Michael/Development/CPCC_Stuff/CPCC_Fall_2018/Infinite Runner
C:/Users/Michael/Development/CPCC_Stuff/CPCC_Fall_2018/Infinite Runner
Using Asset Import Pipeline V2.
Refreshing native plugins compatible for Editor in 173.49 ms, found 0 plugins.
Preloading 0 native plugins for Editor in 0.00 ms.
Initialize engine version: 2021.1.0f1 (61a549675243)
[Subsystems] Discovering subsystems at path C:/Program Files/Unity/Hub/Editor/2021.1.0f1/Editor/Data/Resources/UnitySubsystems
[Subsystems] Discovering subsystems at path C:/Users/Michael/Development/CPCC_Stuff/CPCC_Fall_2018/Infinite Runner/Assets
GfxDevice: creating device client; threaded=0; jobified=0
Direct3D:
    Version:  Direct3D 11.0 [level 11.0]
    Renderer: AMD Radeon HD 5800 Series (ID=0x6898)
    Vendor:   ATI
    VRAM:     1010 MB
    Driver:   15.201.1151.1008
Initialize mono
Mono path[0] = 'C:/Program Files/Unity/Hub/Editor/2021.1.0f1/Editor/Data/Managed'
Mono path[1] = 'C:/Program Files/Unity/Hub/Editor/2021.1.0f1/Editor/Data/MonoBleedingEdge/lib/mono/unityjit'
Mono config path = 'C:/Program Files/Unity/Hub/Editor/2021.1.0f1/Editor/Data/MonoBleedingEdge/etc'
Using monoOptions --debugger-agent=transport=dt_socket,embedding=1,server=y,suspend=n,address=127.0.0.1:56392
Begin MonoManager ReloadAssembly
Registering precompiled unity dll's ...
Register platform support module: C:/Program Files/Unity/Hub/Editor/2021.1.0f1/Editor/Data/PlaybackEngines/WebGLSupport/UnityEditor.WebGL.Extensions.dll
Register platform support module: C:/Program Files/Unity/Hub/Editor/2021.1.0f1/Editor/Data/PlaybackEngines/MacStandaloneSupport/UnityEditor.OSXStandalone.Extensions.dll
Register platform support module: C:/Program Files/Unity/Hub/Editor/2021.1.0f1/Editor/Data/PlaybackEngines/WindowsStandaloneSupport/UnityEditor.WindowsStandalone.Extensions.dll
Register platform support module: C:/Program Files/Unity/Hub/Editor/2021.1.0f1/Editor/Data/PlaybackEngines/LinuxStandaloneSupport/UnityEditor.LinuxStandalone.Extensions.dll
Registered in 0.025217 seconds.
Native extension for LinuxStandalone target not found
Native extension for WindowsStandalone target not found
Native extension for OSXStandalone target not found
Native extension for WebGL target not found
Refreshing native plugins compatible for Editor in 193.78 ms, found 0 plugins.
Preloading 0 native plugins for Editor in 0.00 ms.
Mono: successfully reloaded assembly
- Completed reload, in  6.158 seconds
Platform modules already initialized, skipping
Registering precompiled user dll's ...
Registered in 0.016611 seconds.
Begin MonoManager ReloadAssembly
Native extension for LinuxStandalone target not found
Native extension for WindowsStandalone target not found
Native extension for OSXStandalone target not found
Native extension for WebGL target not found
Refreshing native plugins compatible for Editor in 1.28 ms, found 0 plugins.
Preloading 0 native plugins for Editor in 0.00 ms.
Mono: successfully reloaded assembly
- Completed reload, in  4.241 seconds
Platform modules already initialized, skipping
========================================================================
Worker process is ready to serve import requests
Launched and connected shader compiler UnityShaderCompiler.exe after 0.41 seconds
Refreshing native plugins compatible for Editor in 45.36 ms, found 0 plugins.
Preloading 0 native plugins for Editor in 0.00 ms.
Unloading 1657 Unused Serialized files (Serialized files now loaded: 0)
System memory in use before: 72.0 MB.
System memory in use after: 72.0 MB.

Unloading 42 unused Assets to reduce memory usage. Loaded Objects now: 2091.
Total: 35.991800 ms (FindLiveObjects: 0.426000 ms CreateObjectMapping: 0.149500 ms MarkObjects: 34.132900 ms  DeleteObjects: 1.279700 ms)

========================================================================
Received Import Request.
  path: Assets/Scripts/PlayerController.cs
  artifactKey: Guid(1e7ef864fb18abe4bbba91e98c5fc4f7) Importer(815301076,1909f56bfc062723c751e8b465ee728b)
Start importing Assets/Scripts/PlayerController.cs using Guid(1e7ef864fb18abe4bbba91e98c5fc4f7) Importer(815301076,1909f56bfc062723c751e8b465ee728b)  -> (artifact id: '64df42ac0b679d78fa7ae2eeb5889071') in 0.261589 seconds 
========================================================================
Received Prepare
Refreshing native plugins compatible for Editor in 44.37 ms, found 0 plugins.
Preloading 0 native plugins for Editor in 0.00 ms.
Unloading 31 Unused Serialized files (Serialized files now loaded: 0)
System memory in use before: 39.5 MB.
System memory in use after: 39.6 MB.

Unloading 31 unused Assets to reduce memory usage. Loaded Objects now: 2091.
Total: 11.795100 ms (FindLiveObjects: 0.294500 ms CreateObjectMapping: 0.112900 ms MarkObjects: 11.344100 ms  DeleteObjects: 0.040900 ms)

========================================================================
Received Import Request.
  Time since last request: 64.047397 seconds.
  path: Assets/Scripts/PlayGameButton.cs
  artifactKey: Guid(420a233fa47d20f4bbf36f24d158fd7d) Importer(815301076,1909f56bfc062723c751e8b465ee728b)
Start importing Assets/Scripts/PlayGameButton.cs using Guid(420a233fa47d20f4bbf36f24d158fd7d) Importer(815301076,1909f56bfc062723c751e8b465ee728b)  -> (artifact id: 'ca0139f434ff7a931f7a5550e7469607') in 0.012082 seconds 
========================================================================
Received Import Request.
  Time since last request: 2.089807 seconds.
  path: Assets/Scripts/Results.cs
  artifactKey: Guid(a03adf4141fd68a48ad364f36704932d) Importer(815301076,1909f56bfc062723c751e8b465ee728b)
Start importing Assets/Scripts/Results.cs using Guid(a03adf4141fd68a48ad364f36704932d) Importer(815301076,1909f56bfc062723c751e8b465ee728b)  -> (artifact id: '4b546c4aebc7ed828a90d4b9ae584f50') in 0.011468 seconds 
========================================================================
Received Import Request.
  Time since last request: 1.987260 seconds.
  path: Assets/Scripts/Scroller.cs
  artifactKey: Guid(477da789c76ce2b4387ac8e47f447965) Importer(815301076,1909f56bfc062723c751e8b465ee728b)
Start importing Assets/Scripts/Scroller.cs using Guid(477da789c76ce2b4387ac8e47f447965) Importer(815301076,1909f56bfc062723c751e8b465ee728b)  -> (artifact id: '0ad7a49b97d25738ac623a8a82da57ee') in 0.010881 seconds 
========================================================================
Received Import Request.
  Time since last request: 10.855360 seconds.
  path: Assets/Scripts/SnowmanController.cs
  artifactKey: Guid(b207c130272279f4084327fede75483b) Importer(815301076,1909f56bfc062723c751e8b465ee728b)
Start importing Assets/Scripts/SnowmanController.cs using Guid(b207c130272279f4084327fede75483b) Importer(815301076,1909f56bfc062723c751e8b465ee728b)  -> (artifact id: 'a8f5dad1942854bab914aa5dd6413989') in 0.012632 seconds 
========================================================================
Received Import Request.
  Time since last request: 2.380479 seconds.
  path: Assets/Scripts/PlayAgainButton.cs
  artifactKey: Guid(232c76e9cdf740d41a6ebdbd6df3db95) Importer(815301076,1909f56bfc062723c751e8b465ee728b)
Start importing Assets/Scripts/PlayAgainButton.cs using Guid(232c76e9cdf740d41a6ebdbd6df3db95) Importer(815301076,1909f56bfc062723c751e8b465ee728b)  -> (artifact id: 'a28428ca8d1e9efbc653ed6ccdcab4ee') in 0.010915 seconds 
========================================================================
Received Import Request.
  Time since last request: 5.657167 seconds.
  path: Assets/Scripts/GroundMovement.cs
  artifactKey: Guid(c9c877003865d7e4b874ab5f39c45c16) Importer(815301076,1909f56bfc062723c751e8b465ee728b)
Start importing Assets/Scripts/GroundMovement.cs using Guid(c9c877003865d7e4b874ab5f39c45c16) Importer(815301076,1909f56bfc062723c751e8b465ee728b)  -> (artifact id: '03dc1552882187d92c05d13e39d919b6') in 0.011546 seconds 
========================================================================
Received Import Request.
  Time since last request: 58.678117 seconds.
  path: Assets/Scripts/GlobalVar.cs
  artifactKey: Guid(22b03aab383215c48aaa2ed32f51dafc) Importer(815301076,1909f56bfc062723c751e8b465ee728b)
Start importing Assets/Scripts/GlobalVar.cs using Guid(22b03aab383215c48aaa2ed32f51dafc) Importer(815301076,1909f56bfc062723c751e8b465ee728b)  -> (artifact id: '0cf4f6a6b8de0d00d7515acaf5763ef4') in 0.010984 seconds 
========================================================================
Received Import Request.
  Time since last request: 11.345048 seconds.
  path: Assets/Scripts/BackgroundMovement.cs
  artifactKey: Guid(9511f9cd777bb8d4eb7546f3d5d0ce53) Importer(815301076,1909f56bfc062723c751e8b465ee728b)
Start importing Assets/Scripts/BackgroundMovement.cs using Guid(9511f9cd777bb8d4eb7546f3d5d0ce53) Importer(815301076,1909f56bfc062723c751e8b465ee728b)  -> (artifact id: '2937e12889618745410b14599bd98b14') in 0.011411 seconds 
AssetImportWorkerClient::OnTransportError - code=2 error=End of file
